<?xml version="1.0" encoding="UTF-8"?>
<testsuite xmlns:xsi="http://www.w3.org/2001/XMLSchema-instance" xsi:noNamespaceSchemaLocation="https://maven.apache.org/surefire/maven-surefire-plugin/xsd/surefire-test-report.xsd" name="suites.TestSuite" time="96.969" tests="16" errors="0" skipped="0" failures="0">
  <properties>
[...]
</properties>
  <testcase name="testCompareArticleTitle" classname="tests.ArticleTests" time="6.153"/>
  <testcase name="testSwipeArticle" classname="tests.ArticleTests" time="7.055"/>
  <testcase name="testCheckTitleElementExist" classname="tests.ArticleTests" time="6.753"/>
  <testcase name="testChangeScreenOrientationOnScreenResults" classname="tests.ChangeAppConditionTests" time="2.563"/>
  <testcase name="testRotation" classname="tests.ChangeAppConditionTests" time="2.687"/>
  <testcase name="testCheckSearchArticleInBackground" classname="tests.ChangeAppConditionTests" time="2.58"/>
  <testcase name="testSavingTwoArticles" classname="tests.MyListTests" time="15.47"/>
  <testcase name="testSaveFirstArticleToMyList" classname="tests.MyListTests" time="14.329"/>
  <testcase name="testAmountOfNotEmptySearch" classname="tests.SearchTests" time="4.003"/>
  <testcase name="testAmountOfEmptySearch" classname="tests.SearchTests" time="6.024"/>
  <testcase name="testElementHasText" classname="tests.SearchTests" time="2.875"/>
  <testcase name="testEachItemContainsSearchValue" classname="tests.SearchTests" time="4.076"/>
  <testcase name="testResultItemsContainsSpecifiedTitlesAndDescriptions" classname="tests.SearchTests" time="3.642"/>
  <testcase name="testCancelSearch" classname="tests.SearchTests" time="8.369"/>
  <testcase name="testCancelSearchResults" classname="tests.SearchTests" time="6.734"/>
  <testcase name="testSearch" classname="tests.SearchTests" time="3.389"/>
</testsuite>